2022-03-05 11:37:49,638 INFO [main] com.hello2morrow.sonargraph.build.application.a Operating System:         Windows 64 bit 
2022-03-05 11:37:49,640 INFO [main] com.hello2morrow.sonargraph.build.application.a Operating System Name:    Windows 10
2022-03-05 11:37:49,640 INFO [main] com.hello2morrow.sonargraph.build.application.a Operating System Version: 10.0
2022-03-05 11:37:49,640 INFO [main] com.hello2morrow.sonargraph.build.application.a Java Vendor:              ORACLE
2022-03-05 11:37:49,640 INFO [main] com.hello2morrow.sonargraph.build.application.a Java Version:             Java 11
2022-03-05 11:37:49,640 INFO [main] com.hello2morrow.sonargraph.build.application.a JRE  Version:             11.0.12
2022-03-05 11:37:49,640 INFO [main] com.hello2morrow.sonargraph.build.application.a Path:                     C:/Program Files/Java/jdk-11.0.12/bin/server;C:/Program Files/Java/jdk-11.0.12/bin;C:\Program Files\Common Files\Oracle\Java\javapath;C.\Python27;C:\Python27\Scripts;E:\Program Files (x86)\EasyPHP-DevServer-14.1VC11\binaries\php\php_runningversion;C:\Program Files\dotnet\sdk;C:\Program Files (x86)\Windows Resource Kits\Tools\;C:\Program Files (x86)\Intel\iCLS Client\;C:\Program Files\Intel\iCLS Client\;C:\WINDOWS\system32;C:\WINDOWS;C:\WINDOWS\System32\Wbem;C:\WINDOWS\System32\WindowsPowerShell\v1.0\;C:\Program Files\Intel\WiFi\bin\;C:\Program Files\Common Files\Intel\WirelessCommon\;C:\Program Files (x86)\Intel\Intel(R) Management Engine Components\DAL;C:\Program Files\Intel\Intel(R) Management Engine Components\DAL;C:\Program Files (x86)\Intel\Intel(R) Management Engine Components\IPT;C:\Program Files\Intel\Intel(R) Management Engine Components\IPT;C:\Program Files\Microsoft SQL Server\120\DTS\Binn\;C:\Program Files\Microsoft SQL Server\Client SDK\ODBC\110\Tools\Binn\;C:\Program Files (x86)\Microsoft SQL Server\120\Tools\Binn\;C:\Program Files\Microsoft SQL Server\120\Tools\Binn\;C:\Program Files (x86)\Microsoft SQL Server\120\Tools\Binn\ManagementStudio\;C:\Program Files (x86)\Microsoft SQL Server\120\DTS\Binn\;C:\Program Files\Microsoft SQL Server\130\Tools\Binn\;C:\Program Files (x86)\Microsoft ASP.NET\ASP.NET Web Pages\v1.0\;C:\Program Files\Microsoft SQL Server\110\Tools\Binn\;C:\WINDOWS\System32\OpenSSH\;C:\Program Files (x86)\IVI Foundation\VISA\WinNT\Bin\;C:\Program Files\IVI Foundation\VISA\Win64\Bin\;C:\Program Files (x86)\IVI Foundation\VISA\WinNT\Bin;C:\Program Files\TortoiseSVN\bin;C:\Program Files (x86)\MySQL\MySQL Server 5.5\bin;C:\Program Files (x86)\MySQL\MySQL Server 5.6\bin;C:\Program Files\nodejs\;C:\Program Files\dotnet\;C:\Program Files\Microsoft\Web Platform Installer\;C:\Program Files\PuTTY\;E:\HashiCorp\Vagrant\bin;C:\Program Files (x86)\Microsoft SQL Server\110\Tools\Binn\;C:\Program Files\Microsoft SQL Server\110\DTS\Binn\;C:\WINDOWS\system32;C:\WINDOWS;C:\WINDOWS\System32\Wbem;C:\WINDOWS\System32\WindowsPowerShell\v1.0\;C:\WINDOWS\System32\OpenSSH\;C:\Program Files\Kubernetes\Minikube;C:\Program Files\Java\jdk-9.0.1;C:\Program Files\Java\jre1.8.0_281;C:\Program Files\Java\jdk1.8.0_211;\bin;C:\Program Files\Apache Software Foundation\apache-maven-3.6.1\bin;C:\Program Files\Git\bin;C:\Program Files\Git\cmd;;D:\Go\bin;C:\Users\Administrator\AppData\Roaming\npm;C:\instantclient_19_11;C:\Users\Administrator\AppData\Local\Programs\Python\Python39;C:\Users\Administrator\AppData\Local\Programs\Python\Python39\Scripts;C:\Program Files\Git\bin;C:\Program Files\Git\cmd;;C:\Program Files\IBM\Cloud\bin;E:\Geth;C:\Users\Administrator\go\bin;C:\Users\Administrator\.minikube\cache\windows\v1.19.0;C:\Program Files\Java\jdk-11.0.12;C:\Users\Administrator\AppData\Local\Programs\Python\Python39\;C:\Users\Administrator\.dotnet\tools;C:\Users\Administrator\Desktop;
2022-03-05 11:37:53,889 INFO [Start Level: Equinox Container: a62e31ce-7c5d-4913-9580-78961966ddfc] com.hello2morrow.sonargraph.plugin.manager.impl.SonargraphPluginManager Loading plugins from directory 'C:\Users\Administrator\AppData\Roaming\hello2morrow\Sonargraph\plugins'
2022-03-05 11:37:54,076 INFO [SonargraphBuild] com.hello2morrow.foundation.logback.LogFileAccessor Setting log level to 'info'
2022-03-05 11:37:54,254 INFO [SonargraphBuild] com.hello2morrow.sonargraph.client.eclipse.application.EclipseApplication Initializing SoftwareSystemProvider
2022-03-05 11:37:55,147 INFO [SonargraphBuild] com.hello2morrow.sonargraph.client.eclipse.application.EclipseApplication Licensed features [Architect]: PLATFORM SYSTEMS SNAPSHOTS DUPLICATE_CODE SCRIPTS SCRIPTS_AUTOMATED PLUGINS CYCLE_BREAK_UP COHESION_AND_COUPLING_METRICS VIRTUAL_MODELS REPORTING ARCHITECTURE
2022-03-05 11:37:55,149 WARN [SonargraphBuild] com.hello2morrow.sonargraph.client.eclipse.application.a Language 'CPlusPlus' is not defined: Bundles will be uninstalled for this language.
2022-03-05 11:37:56,666 INFO [SonargraphBuild] com.hello2morrow.sonargraph.client.eclipse.application.a Uninstalled bundle: com.hello2morrow.sonargraph.language.provider.cplusplus
2022-03-05 11:37:56,669 WARN [SonargraphBuild] com.hello2morrow.sonargraph.client.eclipse.application.a Language 'CSharp' is not defined: Bundles will be uninstalled for this language.
2022-03-05 11:37:56,670 INFO [SonargraphBuild] com.hello2morrow.sonargraph.client.eclipse.application.a Uninstalled bundle: com.hello2morrow.sonargraph.language.provider.csharp
2022-03-05 11:37:56,671 WARN [SonargraphBuild] com.hello2morrow.sonargraph.client.eclipse.application.a Language 'Python' is not defined: Bundles will be uninstalled for this language.
2022-03-05 11:37:56,672 INFO [SonargraphBuild] com.hello2morrow.sonargraph.client.eclipse.application.a Uninstalled bundle: com.hello2morrow.sonargraph.language.provider.python
2022-03-05 11:37:56,691 INFO [SonargraphBuild] com.hello2morrow.sonargraph.core.application.d Initialize plugin 'Sonargraph Spotbugs Plugin' version '12.0.5.717_2022-02-25'
2022-03-05 11:37:56,709 INFO [SonargraphBuild] com.hello2morrow.sonargraph.core.application.d Initialize plugin 'Sonargraph Swagger Plugin' version '12.0.5.717_2022-02-25'
2022-03-05 11:37:56,715 INFO [SonargraphBuild] com.hello2morrow.sonargraph.core.application.d Initialize plugin 'Sonargraph Spring Microservices Plugin' version '12.0.5.717_2022-02-25'
2022-03-05 11:37:56,723 INFO [SonargraphBuild] com.hello2morrow.sonargraph.core.application.d Initialize plugin 'Sonargraph PMD Plugin' version '12.0.5.717_2022-02-25'
2022-03-05 11:37:56,727 INFO [SonargraphBuild] com.hello2morrow.sonargraph.client.eclipse.application.EclipseApplication Creating SoftwareSystemProvider...
2022-03-05 11:37:57,190 INFO [SonargraphBuild] com.hello2morrow.sonargraph.client.eclipse.application.EclipseApplication Creating SoftwareSystemProvider... done
2022-03-05 11:37:57,557 INFO [Command Executor] com.hello2morrow.sonargraph.integration.access.persistence.JaxbAdapter Using JAXBContext implementation: com.sun.xml.bind.v2.runtime.JAXBContextImpl
2022-03-05 11:37:59,941 INFO [Command Executor] com.hello2morrow.sonargraph.build.ui.a Success: Opening system
2022-03-05 11:37:59,968 INFO [Command Executor] com.hello2morrow.sonargraph.build.ui.a Options: [REFRESH_PARSER_MODEL]
Parser model refresh possible for: [Java]

2022-03-05 11:38:01,374 INFO [Command Executor] com.hello2morrow.sonargraph.core.controller.system.RefreshProcessor Perform refresh - done in 1311 ms
2022-03-05 11:38:01,379 INFO [Command Executor] com.hello2morrow.sonargraph.core.controller.system.ResolutionPatternMigration Migrate modifiable model: E:\Download\Sonargraph9_WalkThroughTutorial_Project\step9_crm-domain-example.sonargraph\Models\Modifiable.vm [10.5.0.100]
2022-03-05 11:38:01,379 INFO [Command Executor] com.hello2morrow.sonargraph.core.controller.system.ResolutionPatternMigration Migrate modifiable model: E:\Download\Sonargraph9_WalkThroughTutorial_Project\step9_crm-domain-example.sonargraph\Models\Modifiable.vm [10.5.0.100] - done
2022-03-05 11:38:03,858 INFO [Command Executor] com.hello2morrow.sonargraph.build.ui.a Success: Refresh
2022-03-05 11:38:03,889 INFO [Command Executor] com.hello2morrow.sonargraph.core.controller.system.ReportExtension Creating report with active analyzer execution level Full
2022-03-05 11:38:03,906 WARN [Command Executor] com.hello2morrow.foundation.utilities.OperationResult Warning - Failed To Retrieve Plugin Properties. Plugin 'com.hello2morrow.sonargraph.plugin.pmd'
2022-03-05 11:38:03,927 WARN [Command Executor] com.hello2morrow.foundation.utilities.OperationResult Warning - Failed To Retrieve Plugin Properties. Plugin 'com.hello2morrow.sonargraph.plugin.swagger'
2022-03-05 11:38:03,931 WARN [Command Executor] com.hello2morrow.foundation.utilities.OperationResult Warning - Failed To Retrieve Plugin Properties. Plugin 'com.hello2morrow.sonargraph.plugin.spring.microservices'
2022-03-05 11:38:03,934 WARN [Command Executor] com.hello2morrow.foundation.utilities.OperationResult Warning - Failed To Retrieve Plugin Properties. Plugin 'com.hello2morrow.sonargraph.plugin.spotbugs'
2022-03-05 11:38:03,961 WARN [Command Executor] com.hello2morrow.sonargraph.core.controller.system.ReportExtension No metric values found for id / level: CoreChanges30 / System
2022-03-05 11:38:03,961 WARN [Command Executor] com.hello2morrow.sonargraph.core.controller.system.ReportExtension No metric values found for id / level: CoreChanges90 / System
2022-03-05 11:38:03,961 WARN [Command Executor] com.hello2morrow.sonargraph.core.controller.system.ReportExtension No metric values found for id / level: CoreChanges365 / System
2022-03-05 11:38:03,961 WARN [Command Executor] com.hello2morrow.sonargraph.core.controller.system.ReportExtension No metric values found for id / level: CoreCodeChurnRate30 / System
2022-03-05 11:38:03,962 WARN [Command Executor] com.hello2morrow.sonargraph.core.controller.system.ReportExtension No metric values found for id / level: CoreCodeChurnRate90 / System
2022-03-05 11:38:03,962 WARN [Command Executor] com.hello2morrow.sonargraph.core.controller.system.ReportExtension No metric values found for id / level: CoreCodeChurnRate365 / System
2022-03-05 11:38:03,963 WARN [Command Executor] com.hello2morrow.sonargraph.core.controller.system.ReportExtension No metric values found for id / level: CoreCodeChurn30 / System
2022-03-05 11:38:03,963 WARN [Command Executor] com.hello2morrow.sonargraph.core.controller.system.ReportExtension No metric values found for id / level: CoreCodeChurn90 / System
2022-03-05 11:38:03,963 WARN [Command Executor] com.hello2morrow.sonargraph.core.controller.system.ReportExtension No metric values found for id / level: CoreCodeChurn365 / System
2022-03-05 11:38:03,965 WARN [Command Executor] com.hello2morrow.sonargraph.core.controller.system.ReportExtension No metric values found for id / level: CoreNumberOfAuthors30 / System
2022-03-05 11:38:03,965 WARN [Command Executor] com.hello2morrow.sonargraph.core.controller.system.ReportExtension No metric values found for id / level: CoreNumberOfAuthors90 / System
2022-03-05 11:38:03,965 WARN [Command Executor] com.hello2morrow.sonargraph.core.controller.system.ReportExtension No metric values found for id / level: CoreNumberOfAuthors / System
2022-03-05 11:38:03,980 WARN [Command Executor] com.hello2morrow.sonargraph.core.controller.system.ReportExtension No metric values found for id / level: CoreChanges30 / Module
2022-03-05 11:38:03,980 WARN [Command Executor] com.hello2morrow.sonargraph.core.controller.system.ReportExtension No metric values found for id / level: CoreChanges90 / Module
2022-03-05 11:38:03,981 WARN [Command Executor] com.hello2morrow.sonargraph.core.controller.system.ReportExtension No metric values found for id / level: CoreChanges365 / Module
2022-03-05 11:38:03,981 WARN [Command Executor] com.hello2morrow.sonargraph.core.controller.system.ReportExtension No metric values found for id / level: CoreCodeChurnRate30 / Module
2022-03-05 11:38:03,981 WARN [Command Executor] com.hello2morrow.sonargraph.core.controller.system.ReportExtension No metric values found for id / level: CoreCodeChurnRate90 / Module
2022-03-05 11:38:03,981 WARN [Command Executor] com.hello2morrow.sonargraph.core.controller.system.ReportExtension No metric values found for id / level: CoreCodeChurnRate365 / Module
2022-03-05 11:38:03,981 WARN [Command Executor] com.hello2morrow.sonargraph.core.controller.system.ReportExtension No metric values found for id / level: CoreCodeChurn30 / Module
2022-03-05 11:38:03,981 WARN [Command Executor] com.hello2morrow.sonargraph.core.controller.system.ReportExtension No metric values found for id / level: CoreCodeChurn90 / Module
2022-03-05 11:38:03,981 WARN [Command Executor] com.hello2morrow.sonargraph.core.controller.system.ReportExtension No metric values found for id / level: CoreCodeChurn365 / Module
2022-03-05 11:38:03,981 WARN [Command Executor] com.hello2morrow.sonargraph.core.controller.system.ReportExtension No metric values found for id / level: CoreNumberOfAuthors30 / Module
2022-03-05 11:38:03,981 WARN [Command Executor] com.hello2morrow.sonargraph.core.controller.system.ReportExtension No metric values found for id / level: CoreNumberOfAuthors90 / Module
2022-03-05 11:38:03,981 WARN [Command Executor] com.hello2morrow.sonargraph.core.controller.system.ReportExtension No metric values found for id / level: CoreNumberOfAuthors / Module
